<?xml version="1.0" encoding="UTF-8"?>
<testsuites>
  <testsuite name="fastlane.lanes">
    
    
    
      
      <testcase classname="fastlane.lanes" name="0: cocoapods" time="4.05799">
        
      </testcase>
    
      
      <testcase classname="fastlane.lanes" name="1: git_add" time="0.129246">
        
      </testcase>
    
      
      <testcase classname="fastlane.lanes" name="2: git_commit" time="0.080206">
        
      </testcase>
    
      
      <testcase classname="fastlane.lanes" name="3: push_to_git_remote" time="6.671375">
        
      </testcase>
    
      
      <testcase classname="fastlane.lanes" name="4: git_tag_exists" time="0.025402">
        
      </testcase>
    
      
      <testcase classname="fastlane.lanes" name="5: add_git_tag" time="0.029298">
        
      </testcase>
    
      
      <testcase classname="fastlane.lanes" name="6: push_git_tags" time="5.25041">
        
      </testcase>
    
      
      <testcase classname="fastlane.lanes" name="7: pod_push" time="79.438093">
        
          <failure message="/Users/wangyu/.rvm/gems/ruby-2.2.2/gems/fastlane-2.111.0/fastlane/lib/fastlane/actions/actions_helper.rb:48:in `execute_action'&#10;/Users/wangyu/.rvm/gems/ruby-2.2.2/gems/fastlane-2.111.0/fastlane/lib/fastlane/runner.rb:232:in `block in execute_action'&#10;/Users/wangyu/.rvm/gems/ruby-2.2.2/gems/fastlane-2.111.0/fastlane/lib/fastlane/runner.rb:227:in `chdir'&#10;/Users/wangyu/.rvm/gems/ruby-2.2.2/gems/fastlane-2.111.0/fastlane/lib/fastlane/runner.rb:227:in `execute_action'&#10;/Users/wangyu/.rvm/gems/ruby-2.2.2/gems/fastlane-2.111.0/fastlane/lib/fastlane/runner.rb:157:in `trigger_action_by_name'&#10;/Users/wangyu/.rvm/gems/ruby-2.2.2/gems/fastlane-2.111.0/fastlane/lib/fastlane/fast_file.rb:154:in `method_missing'&#10;Fastfile:43:in `block in parsing_binding'&#10;/Users/wangyu/.rvm/gems/ruby-2.2.2/gems/fastlane-2.111.0/fastlane/lib/fastlane/lane.rb:33:in `call'&#10;/Users/wangyu/.rvm/gems/ruby-2.2.2/gems/fastlane-2.111.0/fastlane/lib/fastlane/lane.rb:33:in `call'&#10;/Users/wangyu/.rvm/gems/ruby-2.2.2/gems/fastlane-2.111.0/fastlane/lib/fastlane/runner.rb:49:in `block in execute'&#10;/Users/wangyu/.rvm/gems/ruby-2.2.2/gems/fastlane-2.111.0/fastlane/lib/fastlane/runner.rb:45:in `chdir'&#10;/Users/wangyu/.rvm/gems/ruby-2.2.2/gems/fastlane-2.111.0/fastlane/lib/fastlane/runner.rb:45:in `execute'&#10;/Users/wangyu/.rvm/gems/ruby-2.2.2/gems/fastlane-2.111.0/fastlane/lib/fastlane/lane_manager.rb:56:in `cruise_lane'&#10;/Users/wangyu/.rvm/gems/ruby-2.2.2/gems/fastlane-2.111.0/fastlane/lib/fastlane/command_line_handler.rb:36:in `handle'&#10;/Users/wangyu/.rvm/gems/ruby-2.2.2/gems/fastlane-2.111.0/fastlane/lib/fastlane/commands_generator.rb:108:in `block (2 levels) in run'&#10;/Users/wangyu/.rvm/gems/ruby-2.2.2@global/gems/commander-fastlane-4.4.6/lib/commander/command.rb:178:in `call'&#10;/Users/wangyu/.rvm/gems/ruby-2.2.2@global/gems/commander-fastlane-4.4.6/lib/commander/command.rb:178:in `call'&#10;/Users/wangyu/.rvm/gems/ruby-2.2.2@global/gems/commander-fastlane-4.4.6/lib/commander/command.rb:153:in `run'&#10;/Users/wangyu/.rvm/gems/ruby-2.2.2@global/gems/commander-fastlane-4.4.6/lib/commander/runner.rb:476:in `run_active_command'&#10;/Users/wangyu/.rvm/gems/ruby-2.2.2/gems/fastlane-2.111.0/fastlane_core/lib/fastlane_core/ui/fastlane_runner.rb:76:in `run!'&#10;/Users/wangyu/.rvm/gems/ruby-2.2.2@global/gems/commander-fastlane-4.4.6/lib/commander/delegates.rb:15:in `run!'&#10;/Users/wangyu/.rvm/gems/ruby-2.2.2/gems/fastlane-2.111.0/fastlane/lib/fastlane/commands_generator.rb:333:in `run'&#10;/Users/wangyu/.rvm/gems/ruby-2.2.2/gems/fastlane-2.111.0/fastlane/lib/fastlane/commands_generator.rb:41:in `start'&#10;/Users/wangyu/.rvm/gems/ruby-2.2.2/gems/fastlane-2.111.0/fastlane/lib/fastlane/cli_tools_distributor.rb:108:in `take_off'&#10;/Users/wangyu/.rvm/gems/ruby-2.2.2/gems/fastlane-2.111.0/bin/fastlane:23:in `&lt;top (required)&gt;'&#10;/Users/wangyu/.rvm/gems/ruby-2.2.2/bin/fastlane:23:in `load'&#10;/Users/wangyu/.rvm/gems/ruby-2.2.2/bin/fastlane:23:in `&lt;main&gt;'&#10;&#10;Exit status of command 'pod repo push WFSpecs 'WFBusSchool.podspec' --allow-warnings' was 1 instead of 0.&#10;&#10;Validating spec&#10; -&gt; WFBusSchool -&gt; WFBusSchool (0.1.0)&#10;    - ERROR | [iOS] xcodebuild: Returned an unsuccessful exit code. You can use `--verbose` for more information.&#10;    - NOTE  | xcodebuild:  note: Using new build system&#10;    - NOTE  | [iOS] xcodebuild:  note: Planning build&#10;    - NOTE  | [iOS] xcodebuild:  note: Constructing build description&#10;    - NOTE  | [iOS] xcodebuild:  ld: warning: meta method 'dictionTransformationJson:' in category from /Users/wangyu/Library/Developer/Xcode/DerivedData/App-fsxkqlawoixyxecdsicnctfeehdh/Build/Intermediates.noindex/Pods.build/Release-iphonesimulator/WFBasics.build/Objects-normal/x86_64/NSString+Regular.o conflicts with same method from another category&#10;    - NOTE  | [iOS] xcodebuild:  ld: warning: meta method 'isBlankString:' in category from /Users/wangyu/Library/Developer/Xcode/DerivedData/App-fsxkqlawoixyxecdsicnctfeehdh/Build/Intermediates.noindex/Pods.build/Release-iphonesimulator/WFBasics.build/Objects-normal/x86_64/NSString+Regular.o conflicts with same method from another category&#10;    - NOTE  | [iOS] xcodebuild:  ld: warning: meta method 'dictionTransformationJson:' in category from /Users/wangyu/Library/Developer/Xcode/DerivedData/App-fsxkqlawoixyxecdsicnctfeehdh/Build/Intermediates.noindex/Pods.build/Release-iphonesimulator/WFBasics.build/Objects-normal/i386/NSString+Regular.o conflicts with same method from another category&#10;    - NOTE  | [iOS] xcodebuild:  ld: warning: meta method 'isBlankString:' in category from /Users/wangyu/Library/Developer/Xcode/DerivedData/App-fsxkqlawoixyxecdsicnctfeehdh/Build/Intermediates.noindex/Pods.build/Release-iphonesimulator/WFBasics.build/Objects-normal/i386/NSString+Regular.o conflicts with same method from another category&#10;    - ERROR | xcodebuild:  /Users/wangyu/Library/Developer/Xcode/DerivedData/App-fsxkqlawoixyxecdsicnctfeehdh/Build/Products/Release-iphonesimulator/WFBusSchool/WFBusSchool.framework/Headers/WFOpenPDFFileViewController.h:11:9: error: include of non-modular header inside framework module 'WFBusSchool.WFOpenPDFFileViewController': '/Users/wangyu/Library/Developer/Xcode/DerivedData/App-fsxkqlawoixyxecdsicnctfeehdh/Build/Products/Release-iphonesimulator/WKFunComponents/WKFunComponents.framework/Headers/YukiWebProgressLayer.h' [-Werror,-Wnon-modular-include-in-framework-module]&#10;    - NOTE  | xcodebuild:  /var/folders/tb/4kcnkcd5703gmc9t7ps7fzz40000gn/T/CocoaPods-Lint-20191009-15756-w8ml9q-WFBusSchool/App/main.m:3:9: fatal error: could not build module 'WFBusSchool'&#10;    - NOTE  | [iOS] xcodebuild:  warning: Skipping code signing because the target does not have an Info.plist file and one is not being generated automatically. (in target 'App' from project 'App')&#10;&#10;[!] The `WFBusSchool.podspec` specification does not validate.&#10;&#10;[!] Found multiple specifications for `WFKitMain (0.1.0)`:&#10;- /Users/wangyu/.cocoapods/repos/WFSpecs/WFKitMain/0.1.0/WFKitMain.podspec&#10;- /Users/wangyu/.cocoapods/repos/WKBaseSpecs/WFKitMain/0.1.0/WFKitMain.podspec&#10;&#10;[!] Found multiple specifications for `WKFunComponents (0.1.0)`:&#10;- /Users/wangyu/.cocoapods/repos/WFSpecs/WKFunComponents/0.1.0/WKFunComponents.podspec&#10;- /Users/wangyu/.cocoapods/repos/WKBaseSpecs/WKFunComponents/0.1.0/WKFunComponents.podspec&#10;" />
        
      </testcase>
    
  </testsuite>
</testsuites>
